Tue Feb 21 15:31:45 2017

Project path: C:\WDIR\EEVX.2.2\Xpedition_Evaluation\Lesson6\database

Env. WDIR: C:\WDIR\EEVX.2.2;C:\mentorgraphics\EEVX.2.2\SDD_HOME\standard;
WDIRs: 
	C:\WDIR\EEVX.2.2
	C:\mentorgraphics\EEVX.2.2\SDD_HOME\standard

Loaded cns files: 
	C:\WDIR\EEVX.2.2\user.cns=bc18-38cb-117b-dda9-abd8-7a8f-bd87-a850-3b94-718f-10bd-29c8
	C:\mentorgraphics\EEVX.2.2\SDD_HOME\standard\ce_ee.cns=7.10.56

Loaded cns - data stored in database: C:\WDIR\EEVX.2.2\user.cns=bc18-38cb-117b-dda9-abd8-7a8f-bd87-a850-3b94-718f-10bd-29c8;C:\mentorgraphics\EEVX.2.2\SDD_HOME\standard\ce_ee.cns=7.10.56
Before global upgrade from version: 7.10.56 to version: 7.10.56

BeforeGlobalUpgrade took 0ms, 0s

Upgrade snapshot DxD
UpgradeSnapshot took 100ms, 0s

Upgrade snapshot _savepoint[SCH][288230389036613634][4971974010091864066][2:36:54_9-20-11][1316486226]
UpgradeSnapshot took 0ms, 0s

Upgrade snapshot CORPORATE_layout_temp
UpgradeSnapshot took 15ms, 0s

Upgrade snapshot CORPORATE
UpgradeSnapshot took 31ms, 0s

Upgrade snapshot RefSync
UpgradeSnapshot took 31ms, 0s

Upgrade snapshot CORPORATE_RefSync
UpgradeSnapshot took 32ms, 0s

Upgrade snapshot CORPORATE_LDDTemp
UpgradeSnapshot took 48ms, 0s

Upgrade snapshot __ise_DxD
UpgradeSnapshot took 0ms, 0s

Upgrade snapshot xIOPT
UpgradeSnapshot took 0ms, 0s

After global upgrade
Set database cns file versions: ce_ee.cns=7.10.56;user.cns=bc18-38cb-117b-dda9-abd8-7a8f-bd87-a850-3b94-718f-10bd-29c8
AfterGlobalUpgrade took 0ms, 0s

